{"/Users/creez/projects/population-api/src/app.js": {"path":"/Users/creez/projects/population-api/src/app.js","statementMap":{"0":{"start":{"line":14,"column":17},"end":{"line":14,"column":131}},"1":{"start":{"line":16,"column":12},"end":{"line":16,"column":21}},"2":{"start":{"line":17,"column":0},"end":{"line":17,"column":54}},"3":{"start":{"line":20,"column":0},"end":{"line":20,"column":16}},"4":{"start":{"line":21,"column":0},"end":{"line":21,"column":23}},"5":{"start":{"line":22,"column":0},"end":{"line":22,"column":25}},"6":{"start":{"line":23,"column":0},"end":{"line":23,"column":27}},"7":{"start":{"line":24,"column":0},"end":{"line":24,"column":52}},"8":{"start":{"line":25,"column":0},"end":{"line":25,"column":75}},"9":{"start":{"line":28,"column":0},"end":{"line":32,"column":2}},"10":{"start":{"line":34,"column":0},"end":{"line":34,"column":36}},"11":{"start":{"line":37,"column":0},"end":{"line":37,"column":34}},"12":{"start":{"line":38,"column":0},"end":{"line":38,"column":34}}},"fnMap":{},"branchMap":{"0":{"loc":{"start":{"line":14,"column":17},"end":{"line":14,"column":131}},"type":"binary-expr","locations":[{"start":{"line":14,"column":17},"end":{"line":14,"column":41}},{"start":{"line":14,"column":45},"end":{"line":14,"column":131}}],"line":14}},"s":{"0":1,"1":1,"2":1,"3":1,"4":1,"5":1,"6":1,"7":1,"8":1,"9":1,"10":1,"11":1,"12":1},"f":{},"b":{"0":[1,1]},"_coverageSchema":"43e27e138ebf9cfc5966b082cf9a028302ed4184","hash":"44f07734b32611dc90efe083bb7cd92ee321209f"}
,"/Users/creez/projects/population-api/src/controllers/locations.js": {"path":"/Users/creez/projects/population-api/src/controllers/locations.js","statementMap":{"0":{"start":{"line":6,"column":4},"end":{"line":14,"column":5}},"1":{"start":{"line":7,"column":24},"end":{"line":7,"column":52}},"2":{"start":{"line":9,"column":6},"end":{"line":11,"column":9}},"3":{"start":{"line":13,"column":6},"end":{"line":13,"column":25}},"4":{"start":{"line":18,"column":4},"end":{"line":35,"column":5}},"5":{"start":{"line":19,"column":17},"end":{"line":19,"column":30}},"6":{"start":{"line":20,"column":25},"end":{"line":20,"column":62}},"7":{"start":{"line":21,"column":23},"end":{"line":21,"column":57}},"8":{"start":{"line":23,"column":6},"end":{"line":32,"column":7}},"9":{"start":{"line":24,"column":8},"end":{"line":27,"column":11}},"10":{"start":{"line":29,"column":8},"end":{"line":31,"column":11}},"11":{"start":{"line":34,"column":6},"end":{"line":34,"column":25}},"12":{"start":{"line":39,"column":4},"end":{"line":57,"column":5}},"13":{"start":{"line":40,"column":23},"end":{"line":46,"column":8}},"14":{"start":{"line":48,"column":18},"end":{"line":48,"column":39}},"15":{"start":{"line":49,"column":6},"end":{"line":52,"column":9}},"16":{"start":{"line":54,"column":6},"end":{"line":56,"column":9}},"17":{"start":{"line":61,"column":4},"end":{"line":79,"column":5}},"18":{"start":{"line":62,"column":17},"end":{"line":62,"column":30}},"19":{"start":{"line":63,"column":23},"end":{"line":63,"column":50}},"20":{"start":{"line":65,"column":6},"end":{"line":76,"column":7}},"21":{"start":{"line":66,"column":8},"end":{"line":66,"column":88}},"22":{"start":{"line":67,"column":32},"end":{"line":67,"column":59}},"23":{"start":{"line":68,"column":8},"end":{"line":71,"column":11}},"24":{"start":{"line":73,"column":8},"end":{"line":75,"column":11}},"25":{"start":{"line":78,"column":6},"end":{"line":78,"column":25}},"26":{"start":{"line":83,"column":4},"end":{"line":99,"column":5}},"27":{"start":{"line":84,"column":17},"end":{"line":84,"column":30}},"28":{"start":{"line":85,"column":23},"end":{"line":85,"column":50}},"29":{"start":{"line":87,"column":6},"end":{"line":96,"column":7}},"30":{"start":{"line":88,"column":8},"end":{"line":88,"column":50}},"31":{"start":{"line":89,"column":8},"end":{"line":91,"column":11}},"32":{"start":{"line":93,"column":8},"end":{"line":95,"column":11}},"33":{"start":{"line":98,"column":6},"end":{"line":98,"column":25}}},"fnMap":{"0":{"name":"(anonymous_0)","decl":{"start":{"line":5,"column":2},"end":{"line":5,"column":3}},"loc":{"start":{"line":5,"column":38},"end":{"line":15,"column":3}},"line":5},"1":{"name":"(anonymous_1)","decl":{"start":{"line":17,"column":2},"end":{"line":17,"column":3}},"loc":{"start":{"line":17,"column":37},"end":{"line":36,"column":3}},"line":17},"2":{"name":"(anonymous_2)","decl":{"start":{"line":38,"column":2},"end":{"line":38,"column":3}},"loc":{"start":{"line":38,"column":40},"end":{"line":58,"column":3}},"line":38},"3":{"name":"(anonymous_3)","decl":{"start":{"line":60,"column":2},"end":{"line":60,"column":3}},"loc":{"start":{"line":60,"column":40},"end":{"line":80,"column":3}},"line":60},"4":{"name":"(anonymous_4)","decl":{"start":{"line":82,"column":2},"end":{"line":82,"column":3}},"loc":{"start":{"line":82,"column":40},"end":{"line":100,"column":3}},"line":82}},"branchMap":{"0":{"loc":{"start":{"line":23,"column":6},"end":{"line":32,"column":7}},"type":"if","locations":[{"start":{"line":23,"column":6},"end":{"line":32,"column":7}},{"start":{"line":23,"column":6},"end":{"line":32,"column":7}}],"line":23},"1":{"loc":{"start":{"line":65,"column":6},"end":{"line":76,"column":7}},"type":"if","locations":[{"start":{"line":65,"column":6},"end":{"line":76,"column":7}},{"start":{"line":65,"column":6},"end":{"line":76,"column":7}}],"line":65},"2":{"loc":{"start":{"line":87,"column":6},"end":{"line":96,"column":7}},"type":"if","locations":[{"start":{"line":87,"column":6},"end":{"line":96,"column":7}},{"start":{"line":87,"column":6},"end":{"line":96,"column":7}}],"line":87}},"s":{"0":0,"1":0,"2":0,"3":0,"4":0,"5":0,"6":0,"7":0,"8":0,"9":0,"10":0,"11":0,"12":0,"13":0,"14":0,"15":0,"16":0,"17":0,"18":0,"19":0,"20":0,"21":0,"22":0,"23":0,"24":0,"25":0,"26":0,"27":0,"28":0,"29":0,"30":0,"31":0,"32":0,"33":0},"f":{"0":0,"1":0,"2":0,"3":0,"4":0},"b":{"0":[0,0],"1":[0,0],"2":[0,0]},"_coverageSchema":"43e27e138ebf9cfc5966b082cf9a028302ed4184","hash":"5b3c894f82ec1e3a4d441aeefafca0ccf22955d9"}
,"/Users/creez/projects/population-api/src/controllers/user.js": {"path":"/Users/creez/projects/population-api/src/controllers/user.js","statementMap":{"0":{"start":{"line":10,"column":4},"end":{"line":38,"column":5}},"1":{"start":{"line":11,"column":6},"end":{"line":31,"column":8}},"2":{"start":{"line":12,"column":8},"end":{"line":30,"column":9}},"3":{"start":{"line":13,"column":10},"end":{"line":17,"column":13}},"4":{"start":{"line":19,"column":23},"end":{"line":24,"column":12}},"5":{"start":{"line":26,"column":10},"end":{"line":26,"column":28}},"6":{"start":{"line":27,"column":10},"end":{"line":29,"column":13}},"7":{"start":{"line":33,"column":6},"end":{"line":37,"column":9}},"8":{"start":{"line":42,"column":4},"end":{"line":62,"column":5}},"9":{"start":{"line":43,"column":20},"end":{"line":51,"column":7}},"10":{"start":{"line":53,"column":36},"end":{"line":53,"column":52}},"11":{"start":{"line":54,"column":6},"end":{"line":59,"column":9}},"12":{"start":{"line":61,"column":6},"end":{"line":61,"column":25}}},"fnMap":{"0":{"name":"(anonymous_0)","decl":{"start":{"line":9,"column":2},"end":{"line":9,"column":3}},"loc":{"start":{"line":9,"column":32},"end":{"line":39,"column":3}},"line":9},"1":{"name":"(anonymous_1)","decl":{"start":{"line":11,"column":41},"end":{"line":11,"column":42}},"loc":{"start":{"line":11,"column":62},"end":{"line":31,"column":7}},"line":11},"2":{"name":"(anonymous_2)","decl":{"start":{"line":41,"column":2},"end":{"line":41,"column":3}},"loc":{"start":{"line":41,"column":44},"end":{"line":63,"column":3}},"line":41}},"branchMap":{"0":{"loc":{"start":{"line":12,"column":8},"end":{"line":30,"column":9}},"type":"if","locations":[{"start":{"line":12,"column":8},"end":{"line":30,"column":9}},{"start":{"line":12,"column":8},"end":{"line":30,"column":9}}],"line":12},"1":{"loc":{"start":{"line":49,"column":8},"end":{"line":49,"column":57}},"type":"binary-expr","locations":[{"start":{"line":49,"column":8},"end":{"line":49,"column":34}},{"start":{"line":49,"column":38},"end":{"line":49,"column":57}}],"line":49}},"s":{"0":0,"1":0,"2":0,"3":0,"4":0,"5":0,"6":0,"7":0,"8":0,"9":0,"10":0,"11":0,"12":0},"f":{"0":0,"1":0,"2":0},"b":{"0":[0,0],"1":[0,0]},"_coverageSchema":"43e27e138ebf9cfc5966b082cf9a028302ed4184","hash":"2c2b2cba9d27acf98ac925a798c6aa49fac7eda7"}
,"/Users/creez/projects/population-api/src/helper/utils.js": {"path":"/Users/creez/projects/population-api/src/helper/utils.js","statementMap":{"0":{"start":{"line":6,"column":4},"end":{"line":6,"column":41}},"1":{"start":{"line":10,"column":4},"end":{"line":23,"column":5}},"2":{"start":{"line":11,"column":20},"end":{"line":11,"column":45}},"3":{"start":{"line":12,"column":6},"end":{"line":16,"column":7}},"4":{"start":{"line":13,"column":8},"end":{"line":15,"column":10}},"5":{"start":{"line":18,"column":6},"end":{"line":18,"column":30}},"6":{"start":{"line":20,"column":6},"end":{"line":22,"column":9}}},"fnMap":{"0":{"name":"(anonymous_0)","decl":{"start":{"line":5,"column":2},"end":{"line":5,"column":3}},"loc":{"start":{"line":5,"column":26},"end":{"line":7,"column":3}},"line":5},"1":{"name":"(anonymous_1)","decl":{"start":{"line":9,"column":2},"end":{"line":9,"column":3}},"loc":{"start":{"line":9,"column":41},"end":{"line":24,"column":3}},"line":9}},"branchMap":{"0":{"loc":{"start":{"line":12,"column":6},"end":{"line":16,"column":7}},"type":"if","locations":[{"start":{"line":12,"column":6},"end":{"line":16,"column":7}},{"start":{"line":12,"column":6},"end":{"line":16,"column":7}}],"line":12}},"s":{"0":0,"1":0,"2":0,"3":0,"4":0,"5":0,"6":0},"f":{"0":0,"1":0},"b":{"0":[0,0]},"_coverageSchema":"43e27e138ebf9cfc5966b082cf9a028302ed4184","hash":"0784569c3946ccffd3666dbc989960ac944cf295"}
,"/Users/creez/projects/population-api/src/middlewares/error.js": {"path":"/Users/creez/projects/population-api/src/middlewares/error.js","statementMap":{"0":{"start":{"line":3,"column":18},"end":{"line":3,"column":51}},"1":{"start":{"line":4,"column":4},"end":{"line":4,"column":23}},"2":{"start":{"line":5,"column":4},"end":{"line":5,"column":16}},"3":{"start":{"line":9,"column":4},"end":{"line":13,"column":7}},"4":{"start":{"line":14,"column":4},"end":{"line":14,"column":11}}},"fnMap":{"0":{"name":"(anonymous_0)","decl":{"start":{"line":2,"column":2},"end":{"line":2,"column":3}},"loc":{"start":{"line":2,"column":37},"end":{"line":6,"column":3}},"line":2},"1":{"name":"(anonymous_1)","decl":{"start":{"line":8,"column":2},"end":{"line":8,"column":3}},"loc":{"start":{"line":8,"column":44},"end":{"line":15,"column":3}},"line":8}},"branchMap":{"0":{"loc":{"start":{"line":9,"column":15},"end":{"line":9,"column":34}},"type":"binary-expr","locations":[{"start":{"line":9,"column":15},"end":{"line":9,"column":27}},{"start":{"line":9,"column":31},"end":{"line":9,"column":34}}],"line":9}},"s":{"0":0,"1":0,"2":0,"3":0,"4":0},"f":{"0":0,"1":0},"b":{"0":[0,0]},"_coverageSchema":"43e27e138ebf9cfc5966b082cf9a028302ed4184","hash":"2d28eaba1a876465e1821b61a3d3d9a309b53e9f"}
,"/Users/creez/projects/population-api/src/middlewares/userValidator.js": {"path":"/Users/creez/projects/population-api/src/middlewares/userValidator.js","statementMap":{"0":{"start":{"line":6,"column":4},"end":{"line":10,"column":5}},"1":{"start":{"line":7,"column":6},"end":{"line":9,"column":9}},"2":{"start":{"line":12,"column":4},"end":{"line":12,"column":11}},"3":{"start":{"line":16,"column":4},"end":{"line":33,"column":5}},"4":{"start":{"line":17,"column":6},"end":{"line":21,"column":7}},"5":{"start":{"line":18,"column":8},"end":{"line":20,"column":11}},"6":{"start":{"line":23,"column":19},"end":{"line":23,"column":68}},"7":{"start":{"line":24,"column":6},"end":{"line":28,"column":7}},"8":{"start":{"line":25,"column":8},"end":{"line":27,"column":11}},"9":{"start":{"line":30,"column":6},"end":{"line":30,"column":13}},"10":{"start":{"line":32,"column":6},"end":{"line":32,"column":25}},"11":{"start":{"line":37,"column":4},"end":{"line":55,"column":5}},"12":{"start":{"line":38,"column":19},"end":{"line":38,"column":68}},"13":{"start":{"line":39,"column":6},"end":{"line":43,"column":7}},"14":{"start":{"line":40,"column":8},"end":{"line":42,"column":11}},"15":{"start":{"line":45,"column":20},"end":{"line":45,"column":77}},"16":{"start":{"line":46,"column":6},"end":{"line":50,"column":7}},"17":{"start":{"line":47,"column":8},"end":{"line":49,"column":11}},"18":{"start":{"line":52,"column":6},"end":{"line":52,"column":17}},"19":{"start":{"line":54,"column":6},"end":{"line":54,"column":25}}},"fnMap":{"0":{"name":"(anonymous_0)","decl":{"start":{"line":5,"column":2},"end":{"line":5,"column":3}},"loc":{"start":{"line":5,"column":39},"end":{"line":13,"column":3}},"line":5},"1":{"name":"(anonymous_1)","decl":{"start":{"line":15,"column":2},"end":{"line":15,"column":3}},"loc":{"start":{"line":15,"column":41},"end":{"line":34,"column":3}},"line":15},"2":{"name":"(anonymous_2)","decl":{"start":{"line":36,"column":2},"end":{"line":36,"column":3}},"loc":{"start":{"line":36,"column":44},"end":{"line":56,"column":3}},"line":36}},"branchMap":{"0":{"loc":{"start":{"line":6,"column":4},"end":{"line":10,"column":5}},"type":"if","locations":[{"start":{"line":6,"column":4},"end":{"line":10,"column":5}},{"start":{"line":6,"column":4},"end":{"line":10,"column":5}}],"line":6},"1":{"loc":{"start":{"line":17,"column":6},"end":{"line":21,"column":7}},"type":"if","locations":[{"start":{"line":17,"column":6},"end":{"line":21,"column":7}},{"start":{"line":17,"column":6},"end":{"line":21,"column":7}}],"line":17},"2":{"loc":{"start":{"line":24,"column":6},"end":{"line":28,"column":7}},"type":"if","locations":[{"start":{"line":24,"column":6},"end":{"line":28,"column":7}},{"start":{"line":24,"column":6},"end":{"line":28,"column":7}}],"line":24},"3":{"loc":{"start":{"line":39,"column":6},"end":{"line":43,"column":7}},"type":"if","locations":[{"start":{"line":39,"column":6},"end":{"line":43,"column":7}},{"start":{"line":39,"column":6},"end":{"line":43,"column":7}}],"line":39},"4":{"loc":{"start":{"line":46,"column":6},"end":{"line":50,"column":7}},"type":"if","locations":[{"start":{"line":46,"column":6},"end":{"line":50,"column":7}},{"start":{"line":46,"column":6},"end":{"line":50,"column":7}}],"line":46}},"s":{"0":3,"1":1,"2":2,"3":2,"4":2,"5":0,"6":2,"7":0,"8":0,"9":0,"10":0,"11":2,"12":2,"13":0,"14":0,"15":0,"16":0,"17":0,"18":0,"19":0},"f":{"0":3,"1":2,"2":2},"b":{"0":[1,2],"1":[0,2],"2":[0,0],"3":[0,0],"4":[0,0]},"_coverageSchema":"43e27e138ebf9cfc5966b082cf9a028302ed4184","hash":"10bb0bc56b471bebe015cdcedb657a778f3c59a8"}
,"/Users/creez/projects/population-api/src/middlewares/utilMiddlewares.js": {"path":"/Users/creez/projects/population-api/src/middlewares/utilMiddlewares.js","statementMap":{"0":{"start":{"line":6,"column":4},"end":{"line":13,"column":5}},"1":{"start":{"line":7,"column":19},"end":{"line":7,"column":56}},"2":{"start":{"line":8,"column":6},"end":{"line":8,"column":13}},"3":{"start":{"line":10,"column":6},"end":{"line":12,"column":9}}},"fnMap":{"0":{"name":"(anonymous_0)","decl":{"start":{"line":5,"column":2},"end":{"line":5,"column":3}},"loc":{"start":{"line":5,"column":44},"end":{"line":14,"column":3}},"line":5}},"branchMap":{},"s":{"0":0,"1":0,"2":0,"3":0},"f":{"0":0},"b":{},"_coverageSchema":"43e27e138ebf9cfc5966b082cf9a028302ed4184","hash":"b363d56ea0a52bc77bfadc668a8461ddfa3589ee"}
,"/Users/creez/projects/population-api/src/models/location.js": {"path":"/Users/creez/projects/population-api/src/models/location.js","statementMap":{"0":{"start":{"line":3,"column":15},"end":{"line":3,"column":30}},"1":{"start":{"line":5,"column":22},"end":{"line":11,"column":2}}},"fnMap":{},"branchMap":{},"s":{"0":1,"1":1},"f":{},"b":{},"_coverageSchema":"43e27e138ebf9cfc5966b082cf9a028302ed4184","hash":"dec161c22f6001caabb594c5307d570b86ef6c2e"}
,"/Users/creez/projects/population-api/src/models/user.js": {"path":"/Users/creez/projects/population-api/src/models/user.js","statementMap":{"0":{"start":{"line":3,"column":19},"end":{"line":8,"column":2}}},"fnMap":{},"branchMap":{},"s":{"0":1},"f":{},"b":{},"_coverageSchema":"43e27e138ebf9cfc5966b082cf9a028302ed4184","hash":"5546660de95ed50fe82d072abf3b5cb8ebebeda6"}
,"/Users/creez/projects/population-api/src/routes/locations.js": {"path":"/Users/creez/projects/population-api/src/routes/locations.js","statementMap":{"0":{"start":{"line":5,"column":15},"end":{"line":5,"column":31}},"1":{"start":{"line":7,"column":0},"end":{"line":7,"column":50}},"2":{"start":{"line":8,"column":0},"end":{"line":8,"column":53}},"3":{"start":{"line":9,"column":0},"end":{"line":9,"column":52}},"4":{"start":{"line":10,"column":0},"end":{"line":10,"column":57}},"5":{"start":{"line":11,"column":0},"end":{"line":11,"column":58}}},"fnMap":{},"branchMap":{},"s":{"0":1,"1":1,"2":1,"3":1,"4":1,"5":1},"f":{},"b":{},"_coverageSchema":"43e27e138ebf9cfc5966b082cf9a028302ed4184","hash":"060884707089facba6ee323eed99050895329199"}
,"/Users/creez/projects/population-api/src/routes/user.js": {"path":"/Users/creez/projects/population-api/src/routes/user.js","statementMap":{"0":{"start":{"line":6,"column":15},"end":{"line":6,"column":31}},"1":{"start":{"line":8,"column":0},"end":{"line":13,"column":2}},"2":{"start":{"line":15,"column":0},"end":{"line":19,"column":2}}},"fnMap":{},"branchMap":{},"s":{"0":1,"1":1,"2":1},"f":{},"b":{},"_coverageSchema":"43e27e138ebf9cfc5966b082cf9a028302ed4184","hash":"bdf91cae1ffb64444bdd15a3d93c2d5597ae1533"}
}
